2025-08-20 20:08:06 [12829] [0] INFO: Added logfile `smsbox.log' with level `0'.
2025-08-20 20:08:06 [12829] [0] INFO: Service global sender set as '123456'
2025-08-20 20:08:06 [12829] [0] INFO: Logging accesses to 'kannel.access'.
2025-08-20 20:08:06 [12829] [0] INFO: Started access logfile `kannel.access'.
2025-08-20 20:08:06 [12829] [0] INFO: HTTP: Opening server at port 2775.
2025-08-20 20:08:06 [12829] [0] DEBUG: Started thread 1 (gwlib/fdset.c:poller)
2025-08-20 20:08:06 [12829] [0] ERROR: bind failed
2025-08-20 20:08:06 [12829] [0] ERROR: System error 98: Address already in use
2025-08-20 20:08:06 [12829] [1] DEBUG: Thread 1 (gwlib/fdset.c:poller) maps to pid 12829.
2025-08-20 20:08:06 [12829] [1] DEBUG: Thread 1 (gwlib/fdset.c:poller) terminates.
2025-08-20 20:08:06 [12829] [0] PANIC: Failed to open HTTP socket
2025-08-20 20:08:06 [12829] [0] PANIC: smsbox(gw_backtrace+0xe4) [0x5d0326e4ab54]
2025-08-20 20:08:06 [12829] [0] PANIC: smsbox(gw_panic+0x16d) [0x5d0326e4acdd]
2025-08-20 20:08:06 [12829] [0] PANIC: smsbox(main+0x158e) [0x5d0326e0c2fe]
2025-08-20 20:08:06 [12829] [0] PANIC: /lib/x86_64-linux-gnu/libc.so.6(+0x2a1ca) [0x71ce8d82a1ca]
2025-08-20 20:08:06 [12829] [0] PANIC: /lib/x86_64-linux-gnu/libc.so.6(__libc_start_main+0x8b) [0x71ce8d82a28b]
2025-08-20 20:08:06 [12829] [0] PANIC: smsbox(_start+0x25) [0x5d0326e0c515]
2025-08-20 20:24:41 [15438] [0] INFO: Added logfile `smsbox.log' with level `0'.
2025-08-20 20:24:41 [15438] [0] INFO: Service global sender set as '123456'
2025-08-20 20:24:41 [15438] [0] INFO: Logging accesses to 'kannel.access'.
2025-08-20 20:24:41 [15438] [0] INFO: Started access logfile `kannel.access'.
2025-08-20 20:24:41 [15438] [0] INFO: HTTP: Opening server at port 13013.
2025-08-20 20:24:41 [15438] [0] DEBUG: Started thread 1 (gwlib/fdset.c:poller)
2025-08-20 20:24:41 [15438] [1] DEBUG: Thread 1 (gwlib/fdset.c:poller) maps to pid 15438.
2025-08-20 20:24:41 [15438] [0] ERROR: bind failed
2025-08-20 20:24:41 [15438] [0] ERROR: System error 98: Address already in use
2025-08-20 20:24:41 [15438] [1] DEBUG: Thread 1 (gwlib/fdset.c:poller) terminates.
2025-08-20 20:24:41 [15438] [0] PANIC: Failed to open HTTP socket
2025-08-20 20:24:41 [15438] [0] PANIC: smsbox(gw_backtrace+0xe4) [0x6344ab61bb54]
2025-08-20 20:24:41 [15438] [0] PANIC: smsbox(gw_panic+0x16d) [0x6344ab61bcdd]
2025-08-20 20:24:41 [15438] [0] PANIC: smsbox(main+0x158e) [0x6344ab5dd2fe]
2025-08-20 20:24:41 [15438] [0] PANIC: /lib/x86_64-linux-gnu/libc.so.6(+0x2a1ca) [0x7532eba2a1ca]
2025-08-20 20:24:41 [15438] [0] PANIC: /lib/x86_64-linux-gnu/libc.so.6(__libc_start_main+0x8b) [0x7532eba2a28b]
2025-08-20 20:24:41 [15438] [0] PANIC: smsbox(_start+0x25) [0x6344ab5dd515]
2025-08-20 20:24:53 [15585] [0] INFO: Added logfile `smsbox.log' with level `0'.
2025-08-20 20:24:53 [15585] [0] INFO: Service global sender set as '123456'
2025-08-20 20:24:53 [15585] [0] INFO: Logging accesses to 'kannel.access'.
2025-08-20 20:24:53 [15585] [0] INFO: Started access logfile `kannel.access'.
2025-08-20 20:24:53 [15585] [0] INFO: HTTP: Opening server at port 13013.
2025-08-20 20:24:53 [15585] [0] DEBUG: Started thread 1 (gwlib/fdset.c:poller)
2025-08-20 20:24:53 [15585] [1] DEBUG: Thread 1 (gwlib/fdset.c:poller) maps to pid 15585.
2025-08-20 20:24:53 [15585] [0] ERROR: bind failed
2025-08-20 20:24:53 [15585] [0] ERROR: System error 98: Address already in use
2025-08-20 20:24:53 [15585] [1] DEBUG: Thread 1 (gwlib/fdset.c:poller) terminates.
2025-08-20 20:24:53 [15585] [0] PANIC: Failed to open HTTP socket
2025-08-20 20:24:53 [15585] [0] PANIC: smsbox(gw_backtrace+0xe4) [0x5c9f97d52b54]
2025-08-20 20:24:53 [15585] [0] PANIC: smsbox(gw_panic+0x16d) [0x5c9f97d52cdd]
2025-08-20 20:24:53 [15585] [0] PANIC: smsbox(main+0x158e) [0x5c9f97d142fe]
2025-08-20 20:24:53 [15585] [0] PANIC: /lib/x86_64-linux-gnu/libc.so.6(+0x2a1ca) [0x76ca8442a1ca]
2025-08-20 20:24:53 [15585] [0] PANIC: /lib/x86_64-linux-gnu/libc.so.6(__libc_start_main+0x8b) [0x76ca8442a28b]
2025-08-20 20:24:53 [15585] [0] PANIC: smsbox(_start+0x25) [0x5c9f97d14515]
2025-08-20 20:31:43 [18572] [0] INFO: Added logfile `smsbox.log' with level `0'.
2025-08-20 20:31:43 [18572] [0] INFO: Service global sender set as '123456'
2025-08-20 20:31:43 [18572] [0] INFO: Logging accesses to 'kannel.access'.
2025-08-20 20:31:43 [18572] [0] INFO: Started access logfile `kannel.access'.
2025-08-20 20:31:43 [18572] [0] INFO: HTTP: Opening server at port 13013.
2025-08-20 20:31:43 [18572] [0] DEBUG: Started thread 1 (gwlib/fdset.c:poller)
2025-08-20 20:31:43 [18572] [1] DEBUG: Thread 1 (gwlib/fdset.c:poller) maps to pid 18572.
2025-08-20 20:31:43 [18572] [0] DEBUG: Started thread 2 (gwlib/http.c:server_thread)
2025-08-20 20:31:43 [18572] [0] INFO: Set up send sms service at port 13013
2025-08-20 20:31:43 [18572] [0] DEBUG: Started thread 3 (gw/smsbox.c:sendsms_thread)
2025-08-20 20:31:43 [18572] [0] DEBUG: ----------------------------------------------
2025-08-20 20:31:43 [18572] [2] DEBUG: Thread 2 (gwlib/http.c:server_thread) maps to pid 18572.
2025-08-20 20:31:43 [18572] [3] DEBUG: Thread 3 (gw/smsbox.c:sendsms_thread) maps to pid 18572.
2025-08-20 20:31:43 [18572] [2] DEBUG: HTTP: Including port 13013, fd 10 for polling in server thread
2025-08-20 20:31:43 [18572] [0] DEBUG: Kannel smsbox version 1.4.5 starting
2025-08-20 20:31:43 [18572] [0] DEBUG:   dumping group (sendsms-user):
2025-08-20 20:31:43 [18572] [0] DEBUG:     <group> = <sendsms-user>
2025-08-20 20:31:43 [18572] [0] DEBUG:     <default-smsc> = <SMPPSim>
2025-08-20 20:31:43 [18572] [0] DEBUG:     <password> = <mypass>
2025-08-20 20:31:43 [18572] [0] DEBUG:     <max-messages> = <6>
2025-08-20 20:31:43 [18572] [0] DEBUG:     <username> = <myuser>
2025-08-20 20:31:43 [18572] [0] DEBUG:     <concatenation> = <true>
2025-08-20 20:31:43 [18572] [0] DEBUG:     <user-allow-ip> = <127.0.0.1>
2025-08-20 20:31:43 [18572] [0] DEBUG: Started thread 4 (gwlib/gw-timer.c:watch_timers)
2025-08-20 20:31:43 [18572] [0] DEBUG: Started thread 5 (gw/smsbox.c:obey_request_thread)
2025-08-20 20:31:43 [18572] [4] DEBUG: Thread 4 (gwlib/gw-timer.c:watch_timers) maps to pid 18572.
2025-08-20 20:31:43 [18572] [0] DEBUG: Started thread 6 (gw/smsbox.c:url_result_thread)
2025-08-20 20:31:43 [18572] [5] DEBUG: Thread 5 (gw/smsbox.c:obey_request_thread) maps to pid 18572.
2025-08-20 20:31:43 [18572] [6] DEBUG: Thread 6 (gw/smsbox.c:url_result_thread) maps to pid 18572.
2025-08-20 20:31:43 [18572] [0] DEBUG: Started thread 7 (gw/smsbox.c:http_queue_thread)
2025-08-20 20:31:43 [18572] [7] DEBUG: Thread 7 (gw/smsbox.c:http_queue_thread) maps to pid 18572.
2025-08-20 20:31:43 [18572] [0] DEBUG: Connecting to <127.0.0.1>
2025-08-20 20:31:43 [18572] [0] ERROR: connect to <127.0.0.1> failed
2025-08-20 20:31:43 [18572] [0] ERROR: System error 111: Connection refused
2025-08-20 20:31:43 [18572] [0] ERROR: error connecting to server `127.0.0.1' at port `13001'
2025-08-20 20:31:43 [18572] [0] PANIC: Couldn't connect to the bearerbox.
2025-08-20 20:31:43 [18572] [0] PANIC: smsbox(gw_backtrace+0xe4) [0x598aed6afb54]
2025-08-20 20:31:43 [18572] [0] PANIC: smsbox(gw_panic+0x16d) [0x598aed6afcdd]
2025-08-20 20:31:43 [18572] [0] PANIC: smsbox(+0x2beae) [0x598aed682eae]
2025-08-20 20:31:43 [18572] [0] PANIC: smsbox(main+0xcc1) [0x598aed670a31]
2025-08-20 20:31:43 [18572] [0] PANIC: /lib/x86_64-linux-gnu/libc.so.6(+0x2a1ca) [0x7e4a8be2a1ca]
2025-08-20 20:31:43 [18572] [0] PANIC: /lib/x86_64-linux-gnu/libc.so.6(__libc_start_main+0x8b) [0x7e4a8be2a28b]
2025-08-20 20:31:43 [18572] [0] PANIC: smsbox(_start+0x25) [0x598aed671515]
